C:\Users\Shin\Desktop\프로그래밍\프레임워크\Project-FW\Debug\Project-FW.pdb
C:\Users\Shin\Desktop\프로그래밍\프레임워크\Project-FW\Project-FW\Debug\cl.command.1.tlog
C:\Users\Shin\Desktop\프로그래밍\프레임워크\Project-FW\Project-FW\Debug\CL.read.1.tlog
C:\Users\Shin\Desktop\프로그래밍\프레임워크\Project-FW\Project-FW\Debug\CL.write.1.tlog
C:\USERS\SHIN\DESKTOP\프로그래밍\프레임워크\PROJECT-FW\PROJECT-FW\DEBUG\D3DSYSTEM.OBJ
C:\Users\Shin\Desktop\프로그래밍\프레임워크\Project-FW\Project-FW\Debug\link.command.1.tlog
C:\Users\Shin\Desktop\프로그래밍\프레임워크\Project-FW\Project-FW\Debug\link.read.1.tlog
C:\Users\Shin\Desktop\프로그래밍\프레임워크\Project-FW\Project-FW\Debug\link.write.1.tlog
C:\Users\Shin\Desktop\프로그래밍\프레임워크\Project-FW\Project-FW\Debug\link-cvtres.read.1.tlog
C:\Users\Shin\Desktop\프로그래밍\프레임워크\Project-FW\Project-FW\Debug\link-cvtres.write.1.tlog
C:\USERS\SHIN\DESKTOP\프로그래밍\프레임워크\PROJECT-FW\PROJECT-FW\DEBUG\MAIN.OBJ
C:\USERS\SHIN\DESKTOP\프로그래밍\프레임워크\PROJECT-FW\PROJECT-FW\DEBUG\PROCESSMANAGER.OBJ
C:\Users\Shin\Desktop\프로그래밍\프레임워크\Project-FW\Project-FW\Debug\Project-FW.exe.embed.manifest
C:\USERS\SHIN\DESKTOP\프로그래밍\프레임워크\PROJECT-FW\PROJECT-FW\DEBUG\PROJECT-FW.EXE.EMBED.MANIFEST.RES
C:\Users\Shin\Desktop\프로그래밍\프레임워크\Project-FW\Project-FW\Debug\Project-FW.exe.intermediate.manifest
C:\Users\Shin\Desktop\프로그래밍\프레임워크\Project-FW\Project-FW\Debug\Project-FW.write.1.tlog
C:\Users\Shin\Desktop\프로그래밍\프레임워크\Project-FW\Project-FW\Debug\Project-FW_manifest.rc
C:\Users\Shin\Desktop\프로그래밍\프레임워크\Project-FW\Project-FW\Debug\rc.command.1.tlog
C:\Users\Shin\Desktop\프로그래밍\프레임워크\Project-FW\Project-FW\Debug\rc.read.1.tlog
C:\Users\Shin\Desktop\프로그래밍\프레임워크\Project-FW\Project-FW\Debug\rc.write.1.tlog
C:\USERS\SHIN\DESKTOP\프로그래밍\프레임워크\PROJECT-FW\PROJECT-FW\DEBUG\SAMPLEPROCESS.OBJ
C:\Users\Shin\Desktop\프로그래밍\프레임워크\Project-FW\Project-FW\Debug\vc100.idb
C:\USERS\SHIN\DESKTOP\프로그래밍\프레임워크\PROJECT-FW\PROJECT-FW\DEBUG\VC100.PDB
C:\USERS\SHIN\DESKTOP\프로그래밍\프레임워크\PROJECT-FW\PROJECT-FW\DEBUG\WINSYSTEM.OBJ
