빌드 시작: 2014-03-30 오후 10:34:21
     1>2 노드의 "C:\Users\Shin\Desktop\프로그래밍\프레임워크\Project-FW\Project-FW\Project-FW.vcxproj" 프로젝트(build 대상)입니다.
     1>InitializeBuildStatus:
         "Debug\Project-FW.unsuccessfulbuild"에 연결(touching)하고 있습니다.
       ClCompile:
         C:\Program Files (x86)\Microsoft Visual Studio 10.0\VC\bin\CL.exe /c /ZI /nologo /W3 /WX- /Od /Oy- /D WIN32 /D _DEBUG /D _WINDOWS /D _MBCS /Gm /EHsc /RTC1 /MDd /GS /fp:precise /Zc:wchar_t /Zc:forScope /Fo"Debug\\" /Fd"Debug\vc100.pdb" /Gd /TP /analyze- /errorReport:prompt D3dSystem.cpp main.cpp ProcessManager.cpp SampleProcess.cpp WinSystem.cpp
         WinSystem.cpp
         SampleProcess.cpp
         ProcessManager.cpp
         main.cpp
         D3dSystem.cpp
     1>c:\users\shin\desktop\프로그래밍\프레임워크\project-fw\project-fw\d3dsystem.cpp(21): warning C4996: 'strcpy': This function or variable may be unsafe. Consider using strcpy_s instead. To disable deprecation, use _CRT_SECURE_NO_WARNINGS. See online help for details.
                 c:\program files (x86)\microsoft visual studio 10.0\vc\include\string.h(105) : 'strcpy' 선언을 참조하십시오.
     1>c:\users\shin\desktop\프로그래밍\프레임워크\project-fw\project-fw\d3dsystem.cpp(42): warning C4996: 'strcpy': This function or variable may be unsafe. Consider using strcpy_s instead. To disable deprecation, use _CRT_SECURE_NO_WARNINGS. See online help for details.
                 c:\program files (x86)\microsoft visual studio 10.0\vc\include\string.h(105) : 'strcpy' 선언을 참조하십시오.
         코드를 생성하고 있습니다...
       ManifestResourceCompile:
         C:\Program Files (x86)\Microsoft SDKs\Windows\v7.0A\bin\rc.exe /nologo /fo"Debug\Project-FW.exe.embed.manifest.res" Debug\Project-FW_manifest.rc 
       Link:
         C:\Program Files (x86)\Microsoft Visual Studio 10.0\VC\bin\link.exe /ERRORREPORT:PROMPT /OUT:"C:\Users\Shin\Desktop\프로그래밍\프레임워크\Project-FW\Debug\Project-FW.exe" /INCREMENTAL /NOLOGO d3d9.lib d3dx9.lib winmm.lib kernel32.lib user32.lib gdi32.lib winspool.lib comdlg32.lib advapi32.lib shell32.lib ole32.lib oleaut32.lib uuid.lib odbc32.lib odbccp32.lib /MANIFEST /ManifestFile:"Debug\Project-FW.exe.intermediate.manifest" /MANIFESTUAC:"level='asInvoker' uiAccess='false'" /DEBUG /PDB:"C:\Users\Shin\Desktop\프로그래밍\프레임워크\Project-FW\Debug\Project-FW.pdb" /SUBSYSTEM:WINDOWS /TLBID:1 /DYNAMICBASE /NXCOMPAT /IMPLIB:"C:\Users\Shin\Desktop\프로그래밍\프레임워크\Project-FW\Debug\Project-FW.lib" /MACHINE:X86 "Debug\Project-FW.exe.embed.manifest.res"
         Debug\D3dSystem.obj
         Debug\main.obj
         Debug\ProcessManager.obj
         Debug\SampleProcess.obj
         Debug\WinSystem.obj
       Manifest:
         C:\Program Files (x86)\Microsoft SDKs\Windows\v7.0A\bin\mt.exe /nologo /verbose /out:"Debug\Project-FW.exe.embed.manifest" /manifest "Debug\Project-FW.exe.intermediate.manifest"
         C:\Program Files (x86)\Microsoft SDKs\Windows\v7.0A\bin\rc.exe /nologo /fo"Debug\Project-FW.exe.embed.manifest.res" Debug\Project-FW_manifest.rc 
       LinkEmbedManifest:
         C:\Program Files (x86)\Microsoft Visual Studio 10.0\VC\bin\link.exe /ERRORREPORT:PROMPT /OUT:"C:\Users\Shin\Desktop\프로그래밍\프레임워크\Project-FW\Debug\Project-FW.exe" /INCREMENTAL /NOLOGO d3d9.lib d3dx9.lib winmm.lib kernel32.lib user32.lib gdi32.lib winspool.lib comdlg32.lib advapi32.lib shell32.lib ole32.lib oleaut32.lib uuid.lib odbc32.lib odbccp32.lib /MANIFEST /ManifestFile:"Debug\Project-FW.exe.intermediate.manifest" /MANIFESTUAC:"level='asInvoker' uiAccess='false'" /DEBUG /PDB:"C:\Users\Shin\Desktop\프로그래밍\프레임워크\Project-FW\Debug\Project-FW.pdb" /SUBSYSTEM:WINDOWS /TLBID:1 /DYNAMICBASE /NXCOMPAT /IMPLIB:"C:\Users\Shin\Desktop\프로그래밍\프레임워크\Project-FW\Debug\Project-FW.lib" /MACHINE:X86 "Debug\Project-FW.exe.embed.manifest.res"
         Debug\D3dSystem.obj
         Debug\main.obj
         Debug\ProcessManager.obj
         Debug\SampleProcess.obj
         Debug\WinSystem.obj
         Project-FW.vcxproj -> C:\Users\Shin\Desktop\프로그래밍\프레임워크\Project-FW\Debug\Project-FW.exe
       FinalizeBuildStatus:
         "Debug\Project-FW.unsuccessfulbuild" 파일을 삭제하고 있습니다.
         "Debug\Project-FW.lastbuildstate"에 연결(touching)하고 있습니다.
     1>"C:\Users\Shin\Desktop\프로그래밍\프레임워크\Project-FW\Project-FW\Project-FW.vcxproj" 프로젝트를 빌드했습니다(build 대상).

빌드했습니다.

경과 시간: 00:00:02.44
